<?xml version="1.0" encoding="UTF-8"?>
<testsuite name="LeetSpeakTest" tests="5" skipped="0" failures="0" errors="0" timestamp="2016-02-08T22:38:22" hostname="epicodus-68.local" time="0.002">
  <properties/>
  <testcase name="leetSpeakTranslator_replacesEverySInAStringWithAZ_wordChanges" classname="LeetSpeakTest" time="0.001"/>
  <testcase name="leetSpeakTranslator_replacesEveryOInAStringWithA0_wordChanges" classname="LeetSpeakTest" time="0.0"/>
  <testcase name="leetSpeakTranslator_returnsAsStrngAsIsWhenNoLeetspeakIsPresent_wordDoesntChange" classname="LeetSpeakTest" time="0.0"/>
  <testcase name="leetSpeakTranslator_replacesEveryIInAStringWithA1_wordChanges" classname="LeetSpeakTest" time="0.0"/>
  <testcase name="leetSpeakTranslator_replacesEveryEWithA3_wordChanges" classname="LeetSpeakTest" time="0.0"/>
  <system-out><![CDATA[]]></system-out>
  <system-err><![CDATA[]]></system-err>
</testsuite>
